<?xml version="1.0" encoding="UTF-8"?>
<!-- Generated by org.testng.reporters.JUnitXMLReporter -->
<testsuite hostname="PXTEST05" ignored="0" name="Test" tests="5" failures="0" timestamp="19 Nov 2018 08:13:58 GMT" time="39.732" errors="0">
  <testcase name="testCalculatorParametrized" time="2.533" classname="A82_CSV_To_DProvider_MMostafa.Calc_POM_OpenCSVDProvider"/>
  <testcase name="testCalculatorParametrized" time="2.55" classname="A82_CSV_To_DProvider_MMostafa.Calc_POM_OpenCSVDProvider"/>
  <testcase name="testCalculatorParametrized" time="2.56" classname="A82_CSV_To_DProvider_MMostafa.Calc_POM_OpenCSVDProvider"/>
  <testcase name="testCalculatorParametrized" time="2.539" classname="A82_CSV_To_DProvider_MMostafa.Calc_POM_OpenCSVDProvider"/>
  <testcase name="testCalculatorParametrized" time="2.449" classname="A82_CSV_To_DProvider_MMostafa.Calc_POM_OpenCSVDProvider"/>
</testsuite> <!-- Test -->
